2017-08-22 21:58:30 INFO  AppMain:12 - .......Hibernate Crud Operations Example.......

2017-08-22 21:58:30 INFO  AppMain:14 - 
=======CREATE RECORDS=======

2017-08-22 21:58:32 INFO  DbOperations:57 - 
Successfully Created '5' Records In The Database!

2017-08-22 21:58:32 INFO  AppMain:17 - 
=======READ RECORDS=======

2017-08-22 21:58:32 INFO  AppMain:21 - Student Details?= Id: 1, Name: Editor 101, Roll No.: 101, Course: Bachelor Of Technology
2017-08-22 21:58:32 INFO  AppMain:21 - Student Details?= Id: 2, Name: Editor 102, Roll No.: 102, Course: Bachelor Of Technology
2017-08-22 21:58:32 INFO  AppMain:21 - Student Details?= Id: 3, Name: Editor 103, Roll No.: 103, Course: Bachelor Of Technology
2017-08-22 21:58:32 INFO  AppMain:21 - Student Details?= Id: 4, Name: Editor 104, Roll No.: 104, Course: Bachelor Of Technology
2017-08-22 21:58:32 INFO  AppMain:21 - Student Details?= Id: 5, Name: Editor 105, Roll No.: 105, Course: Bachelor Of Technology
2017-08-22 21:58:32 INFO  AppMain:25 - 
=======UPDATE RECORDS=======

2017-08-22 21:58:32 INFO  DbOperations:111 - 
Student With Id?= 1 Is Successfully Updated In The Database!

2017-08-22 21:58:32 INFO  AppMain:28 - 
=======READ RECORDS AFTER UPDATION=======

2017-08-22 21:58:32 INFO  AppMain:32 - Student Details?= Id: 1, Name: Java Code Geek, Roll No.: 101, Course: Masters Of Technology
2017-08-22 21:58:32 INFO  AppMain:32 - Student Details?= Id: 2, Name: Editor 102, Roll No.: 102, Course: Bachelor Of Technology
2017-08-22 21:58:32 INFO  AppMain:32 - Student Details?= Id: 3, Name: Editor 103, Roll No.: 103, Course: Bachelor Of Technology
2017-08-22 21:58:32 INFO  AppMain:32 - Student Details?= Id: 4, Name: Editor 104, Roll No.: 104, Course: Bachelor Of Technology
2017-08-22 21:58:32 INFO  AppMain:32 - Student Details?= Id: 5, Name: Editor 105, Roll No.: 105, Course: Bachelor Of Technology
2017-08-22 21:58:32 INFO  AppMain:36 - 
=======DELETE RECORD=======

2017-08-22 21:58:32 INFO  DbOperations:139 - 
Student With Id?= 5 Is Successfully Deleted From The Database!

2017-08-22 21:58:32 INFO  AppMain:39 - 
=======READ RECORDS AFTER DELETION=======

2017-08-22 21:58:32 INFO  AppMain:42 - Student Details?= Id: 1, Name: Java Code Geek, Roll No.: 101, Course: Masters Of Technology
2017-08-22 21:58:32 INFO  AppMain:42 - Student Details?= Id: 2, Name: Editor 102, Roll No.: 102, Course: Bachelor Of Technology
2017-08-22 21:58:32 INFO  AppMain:42 - Student Details?= Id: 3, Name: Editor 103, Roll No.: 103, Course: Bachelor Of Technology
2017-08-22 21:58:32 INFO  AppMain:42 - Student Details?= Id: 4, Name: Editor 104, Roll No.: 104, Course: Bachelor Of Technology
2017-08-22 21:58:32 INFO  AppMain:45 - 
=======DELETE ALL RECORDS=======

2017-08-22 21:58:33 INFO  DbOperations:187 - 
Successfully Deleted All Records From The Database Table!

2017-08-22 21:58:33 INFO  AppMain:47 - 
=======READ RECORDS AFTER ALL RECORDS DELETION=======
2017-08-22 21:58:33 INFO  AppMain:50 - 
No Records Are Present In The Database Table!

2020-01-06 22:53:24 INFO  AppMain:12 - .......Hibernate Crud Operations Example.......

2020-01-06 22:53:24 INFO  AppMain:14 - 
=======CREATE RECORDS=======

2020-01-06 22:53:26 INFO  DbOperations:57 - 
Successfully Created '5' Records In The Database!

2020-01-06 22:53:26 INFO  AppMain:17 - 
=======READ RECORDS=======

2020-01-06 22:53:27 INFO  AppMain:21 - Student Details?= Id: 1, Name: Darshit 101, Roll No.: 101, Course: Python
2020-01-06 22:53:27 INFO  AppMain:21 - Student Details?= Id: 2, Name: Darshit 102, Roll No.: 102, Course: Python
2020-01-06 22:53:27 INFO  AppMain:21 - Student Details?= Id: 3, Name: Darshit 103, Roll No.: 103, Course: Python
2020-01-06 22:53:27 INFO  AppMain:21 - Student Details?= Id: 4, Name: Darshit 104, Roll No.: 104, Course: Python
2020-01-06 22:53:27 INFO  AppMain:21 - Student Details?= Id: 5, Name: Darshit 105, Roll No.: 105, Course: Python
2020-01-06 22:53:27 INFO  AppMain:25 - 
=======UPDATE RECORDS=======

2020-01-06 22:53:27 INFO  DbOperations:111 - 
Student With Id?= 1 Is Successfully Updated In The Database!

2020-01-06 22:53:27 INFO  AppMain:28 - 
=======READ RECORDS AFTER UPDATION=======

2020-01-06 22:53:27 INFO  AppMain:32 - Student Details?= Id: 1, Name: Darshit, Roll No.: 101, Course: Java
2020-01-06 22:53:27 INFO  AppMain:32 - Student Details?= Id: 2, Name: Darshit 102, Roll No.: 102, Course: Python
2020-01-06 22:53:27 INFO  AppMain:32 - Student Details?= Id: 3, Name: Darshit 103, Roll No.: 103, Course: Python
2020-01-06 22:53:27 INFO  AppMain:32 - Student Details?= Id: 4, Name: Darshit 104, Roll No.: 104, Course: Python
2020-01-06 22:53:27 INFO  AppMain:32 - Student Details?= Id: 5, Name: Darshit 105, Roll No.: 105, Course: Python
2020-01-06 22:53:27 INFO  AppMain:36 - 
=======DELETE RECORD=======

2020-01-06 22:53:27 INFO  DbOperations:138 - 
Student With Id?= 5 Is Successfully Deleted From The Database!

2020-01-06 22:53:27 INFO  AppMain:39 - 
=======READ RECORDS AFTER DELETION=======

2020-01-06 22:53:27 INFO  AppMain:42 - Student Details?= Id: 1, Name: Darshit, Roll No.: 101, Course: Java
2020-01-06 22:53:27 INFO  AppMain:42 - Student Details?= Id: 2, Name: Darshit 102, Roll No.: 102, Course: Python
2020-01-06 22:53:27 INFO  AppMain:42 - Student Details?= Id: 3, Name: Darshit 103, Roll No.: 103, Course: Python
2020-01-06 22:53:27 INFO  AppMain:42 - Student Details?= Id: 4, Name: Darshit 104, Roll No.: 104, Course: Python
2020-01-06 22:53:27 INFO  AppMain:45 - 
=======DELETE ALL RECORDS=======

2020-01-06 22:53:27 INFO  DbOperations:185 - 
Successfully Deleted All Records From The Database Table!

2020-01-06 22:53:27 INFO  AppMain:47 - 
=======READ RECORDS AFTER ALL RECORDS DELETION=======
2020-01-06 22:53:27 INFO  AppMain:50 - 
No Records Are Present In The Database Table!

2020-01-06 22:54:38 INFO  AppMain:12 - .......Hibernate Crud Operations Example.......

2020-01-06 22:54:38 INFO  AppMain:14 - 
=======CREATE RECORDS=======

2020-01-06 22:54:41 INFO  DbOperations:57 - 
Successfully Created '5' Records In The Database!

2020-01-06 22:54:41 INFO  AppMain:17 - 
=======READ RECORDS=======

2020-01-06 22:54:41 INFO  AppMain:21 - Student Details?= Id: 6, Name: Darshit 101, Roll No.: 101, Course: Python
2020-01-06 22:54:41 INFO  AppMain:21 - Student Details?= Id: 7, Name: Darshit 102, Roll No.: 102, Course: Python
2020-01-06 22:54:41 INFO  AppMain:21 - Student Details?= Id: 8, Name: Darshit 103, Roll No.: 103, Course: Python
2020-01-06 22:54:41 INFO  AppMain:21 - Student Details?= Id: 9, Name: Darshit 104, Roll No.: 104, Course: Python
2020-01-06 22:54:41 INFO  AppMain:21 - Student Details?= Id: 10, Name: Darshit 105, Roll No.: 105, Course: Python
2020-01-06 22:54:41 INFO  AppMain:25 - 
=======UPDATE RECORDS=======

2020-01-06 22:54:41 INFO  DbOperations:114 - 
.......Transaction Is Being Rolled Back.......

2020-01-06 22:54:41 INFO  AppMain:28 - 
=======READ RECORDS AFTER UPDATION=======

2020-01-06 22:54:41 INFO  AppMain:32 - Student Details?= Id: 6, Name: Darshit 101, Roll No.: 101, Course: Python
2020-01-06 22:54:41 INFO  AppMain:32 - Student Details?= Id: 7, Name: Darshit 102, Roll No.: 102, Course: Python
2020-01-06 22:54:41 INFO  AppMain:32 - Student Details?= Id: 8, Name: Darshit 103, Roll No.: 103, Course: Python
2020-01-06 22:54:41 INFO  AppMain:32 - Student Details?= Id: 9, Name: Darshit 104, Roll No.: 104, Course: Python
2020-01-06 22:54:41 INFO  AppMain:32 - Student Details?= Id: 10, Name: Darshit 105, Roll No.: 105, Course: Python
2020-01-06 22:54:41 INFO  AppMain:36 - 
=======DELETE RECORD=======

2020-01-06 22:54:41 INFO  DbOperations:141 - 
.......Transaction Is Being Rolled Back.......

2020-01-06 22:54:41 INFO  AppMain:39 - 
=======READ RECORDS AFTER DELETION=======

2020-01-06 22:54:41 INFO  AppMain:42 - Student Details?= Id: 6, Name: Darshit 101, Roll No.: 101, Course: Python
2020-01-06 22:54:41 INFO  AppMain:42 - Student Details?= Id: 7, Name: Darshit 102, Roll No.: 102, Course: Python
2020-01-06 22:54:41 INFO  AppMain:42 - Student Details?= Id: 8, Name: Darshit 103, Roll No.: 103, Course: Python
2020-01-06 22:54:41 INFO  AppMain:42 - Student Details?= Id: 9, Name: Darshit 104, Roll No.: 104, Course: Python
2020-01-06 22:54:41 INFO  AppMain:42 - Student Details?= Id: 10, Name: Darshit 105, Roll No.: 105, Course: Python
2020-01-06 23:01:59 INFO  AppMain:36 - 
=======DELETE RECORD=======

2020-01-06 23:02:01 INFO  DbOperations:115 - 
Student With Id?= 9 Is Successfully Deleted From The Database!

2020-01-06 23:02:01 INFO  AppMain:39 - 
=======READ RECORDS AFTER DELETION=======

2020-01-06 23:02:01 INFO  AppMain:42 - Student Details?= Id: 6, Name: Darshit 101, Roll No.: 101, Course: Python
2020-01-06 23:02:01 INFO  AppMain:42 - Student Details?= Id: 7, Name: Darshit 102, Roll No.: 102, Course: Python
2020-01-06 23:02:01 INFO  AppMain:42 - Student Details?= Id: 8, Name: Darshit 103, Roll No.: 103, Course: Python
2020-01-06 23:02:01 INFO  AppMain:42 - Student Details?= Id: 10, Name: Darshit 105, Roll No.: 105, Course: Python
2020-01-06 23:02:36 INFO  AppMain:25 - 
=======UPDATE RECORDS=======

2020-01-06 23:02:39 INFO  DbOperations:92 - 
Student With Id?= 10 Is Successfully Updated In The Database!

2020-01-06 23:02:39 INFO  AppMain:28 - 
=======READ RECORDS AFTER UPDATION=======

2020-01-06 23:02:39 INFO  AppMain:32 - Student Details?= Id: 6, Name: Darshit 101, Roll No.: 101, Course: Python
2020-01-06 23:02:39 INFO  AppMain:32 - Student Details?= Id: 7, Name: Darshit 102, Roll No.: 102, Course: Python
2020-01-06 23:02:39 INFO  AppMain:32 - Student Details?= Id: 8, Name: Darshit 103, Roll No.: 103, Course: Python
2020-01-06 23:02:39 INFO  AppMain:32 - Student Details?= Id: 10, Name: Darshit, Roll No.: 105, Course: Java
2020-01-06 23:15:17 INFO  AppMain:25 - 
=======UPDATE RECORDS=======

2020-01-06 23:15:19 INFO  DbOperations:92 - 
Student With Id?= 8 Is Successfully Updated In The Database!

2020-01-06 23:15:19 INFO  AppMain:28 - 
=======READ RECORDS AFTER UPDATION=======

2020-01-06 23:15:19 INFO  AppMain:32 - Student Details?= Id: 6, Name: Darshit 101, Roll No.: 101, Course: Python
2020-01-06 23:15:19 INFO  AppMain:32 - Student Details?= Id: 7, Name: Darshit 102, Roll No.: 102, Course: Python
2020-01-06 23:15:19 INFO  AppMain:32 - Student Details?= Id: 8, Name: Darshit, Roll No.: 103, Course: Java
2020-01-06 23:15:19 INFO  AppMain:32 - Student Details?= Id: 10, Name: Darshit, Roll No.: 105, Course: Java
